c:\users\delpo\documents\projets\c#\shell\x64\debug\vc142.pdb
c:\users\delpo\documents\projets\c#\shell\x64\debug\vc142.idb
c:\users\delpo\documents\projets\c#\shell\x64\debug\stringmanager.obj
c:\users\delpo\documents\projets\c#\shell\x64\debug\main.obj
c:\users\delpo\documents\projets\c#\shell\x64\debug\commandshell.obj
c:\users\delpo\documents\projets\c#\shell\x64\debug\processmanager.obj
c:\users\delpo\documents\projets\c#\shell\x64\debug\stringparser.obj
c:\users\delpo\documents\projets\c#\shell\x64\debug\cursormotion.obj
c:\users\delpo\documents\projets\c#\shell\x64\debug\shell.tlog\cl.command.1.tlog
c:\users\delpo\documents\projets\c#\shell\x64\debug\shell.tlog\cl.read.1.tlog
c:\users\delpo\documents\projets\c#\shell\x64\debug\shell.tlog\cl.write.1.tlog
c:\users\delpo\documents\projets\c#\shell\x64\debug\shell.tlog\link-cvtres.read.1.tlog
c:\users\delpo\documents\projets\c#\shell\x64\debug\shell.tlog\link-cvtres.write.1.tlog
c:\users\delpo\documents\projets\c#\shell\x64\debug\shell.tlog\link-rc.read.1.tlog
c:\users\delpo\documents\projets\c#\shell\x64\debug\shell.tlog\link-rc.write.1.tlog
c:\users\delpo\documents\projets\c#\shell\x64\debug\shell.tlog\link.34480-cvtres.read.1.tlog
c:\users\delpo\documents\projets\c#\shell\x64\debug\shell.tlog\link.34480-cvtres.write.1.tlog
c:\users\delpo\documents\projets\c#\shell\x64\debug\shell.tlog\link.34480-rc.read.1.tlog
c:\users\delpo\documents\projets\c#\shell\x64\debug\shell.tlog\link.34480-rc.write.1.tlog
c:\users\delpo\documents\projets\c#\shell\x64\debug\shell.tlog\link.34480.read.1.tlog
c:\users\delpo\documents\projets\c#\shell\x64\debug\shell.tlog\link.34480.write.1.tlog
c:\users\delpo\documents\projets\c#\shell\x64\debug\shell.tlog\link.command.1.tlog
c:\users\delpo\documents\projets\c#\shell\x64\debug\shell.tlog\link.read.1.tlog
c:\users\delpo\documents\projets\c#\shell\x64\debug\shell.tlog\link.write.1.tlog
